[11:11:05] Using gulpfile /var/www/dev.gpii.net/web/sites/all/themes/gpii_base/gulpfile.js
[11:11:05] Starting 'watch'...
[11:11:05] Finished 'watch' after 13 ms
[11:11:05] Starting 'default'...
[11:11:05] Finished 'default' after 28 μs
[11:15:52] Using gulpfile /var/www/dev.gpii.net/web/sites/all/themes/gpii_base/gulpfile.js
[11:15:52] Starting 'watch'...
[11:15:52] Finished 'watch' after 14 ms
[11:15:52] Starting 'default'...
[11:15:52] Finished 'default' after 21 μs
File /var/www/dev.gpii.net/web/sites/all/themes/gpii_base/scss/gpii_base.scss was changed, running tasks...
[11:17:15] Starting 'sass'...
[11:17:15] Starting 'tmpcss'...
[11:17:15] Finished 'tmpcss' after 627 ms
[11:17:16] Finished 'sass' after 911 ms
File /var/www/dev.gpii.net/web/sites/all/themes/gpii_base/scss/gpii_base.scss was changed, running tasks...
[11:17:55] Starting 'sass'...
[11:17:55] Starting 'tmpcss'...
[11:17:55] Finished 'tmpcss' after 347 ms
[11:17:55] Finished 'sass' after 577 ms
File /var/www/dev.gpii.net/web/sites/all/themes/gpii_base/scss/gpii_base.scss was changed, running tasks...
[11:17:57] Starting 'sass'...
[11:17:57] Starting 'tmpcss'...
[11:17:57] Finished 'tmpcss' after 231 ms
[11:17:58] Finished 'sass' after 461 ms
File /var/www/dev.gpii.net/web/sites/all/themes/gpii_base/scss/gpii_base.scss was changed, running tasks...
[11:28:07] Starting 'sass'...
[11:28:07] Starting 'tmpcss'...
[11:28:07] Finished 'tmpcss' after 269 ms
[11:28:07] Finished 'sass' after 505 ms
File /var/www/dev.gpii.net/web/sites/all/themes/gpii_base/scss/gpii_base.scss was changed, running tasks...
[11:28:08] Starting 'sass'...
[11:28:08] Starting 'tmpcss'...
[11:28:08] Finished 'tmpcss' after 346 ms
[11:28:08] Finished 'sass' after 569 ms
File /var/www/dev.gpii.net/web/sites/all/themes/gpii_base/scss/gpii_base.scss was changed, running tasks...
[11:28:16] Starting 'sass'...
[11:28:16] Starting 'tmpcss'...
[11:28:17] Finished 'tmpcss' after 430 ms
[11:28:17] Finished 'sass' after 744 ms
File /var/www/dev.gpii.net/web/sites/all/themes/gpii_base/scss/gpii_base.scss was changed, running tasks...
[11:51:10] Starting 'sass'...
[11:51:10] Starting 'tmpcss'...
[11:51:11] Finished 'tmpcss' after 331 ms
[11:51:11] Finished 'sass' after 575 ms
File /var/www/dev.gpii.net/web/sites/all/themes/gpii_base/scss/gpii_base.scss was changed, running tasks...
[11:51:17] Starting 'sass'...
[11:51:17] Starting 'tmpcss'...
[11:51:17] Finished 'tmpcss' after 358 ms
[11:51:17] Finished 'sass' after 592 ms
File /var/www/dev.gpii.net/web/sites/all/themes/gpii_base/scss/gpii_base.scss was changed, running tasks...
[11:52:20] Starting 'sass'...
[11:52:20] Starting 'tmpcss'...
[11:52:20] Finished 'tmpcss' after 328 ms
[11:52:20] Finished 'sass' after 547 ms
File /var/www/dev.gpii.net/web/sites/all/themes/gpii_base/scss/gpii_base.scss was changed, running tasks...
[11:52:22] Starting 'sass'...
[11:52:22] Starting 'tmpcss'...
[11:52:23] Finished 'tmpcss' after 273 ms
[11:52:23] Finished 'sass' after 497 ms
File /var/www/dev.gpii.net/web/sites/all/themes/gpii_base/scss/gpii_base.scss was changed, running tasks...
[12:21:12] Starting 'sass'...
[12:21:12] Starting 'tmpcss'...
[12:21:12] Finished 'tmpcss' after 354 ms
Error in plugin 'sass'
Message:
    scss/gpii_base.scss
Error: Undefined variable: "$ds-green".
        on line 492 of scss/gpii_base.scss
>>       color: $ds-green;
   -------------^

[12:21:13] Finished 'sass' after 558 ms
File /var/www/dev.gpii.net/web/sites/all/themes/gpii_base/scss/gpii_base.scss was changed, running tasks...
[12:21:14] Starting 'sass'...
[12:21:14] Starting 'tmpcss'...
[12:21:14] Finished 'tmpcss' after 299 ms
Error in plugin 'sass'
Message:
    scss/gpii_base.scss
Error: Undefined variable: "$ds-green".
        on line 492 of scss/gpii_base.scss
>>       color: $ds-green;
   -------------^

[12:21:14] Finished 'sass' after 459 ms
File /var/www/dev.gpii.net/web/sites/all/themes/gpii_base/scss/gpii_base.scss was changed, running tasks...
[12:21:36] Starting 'sass'...
[12:21:36] Starting 'tmpcss'...
[12:21:36] Finished 'tmpcss' after 488 ms
Error in plugin 'sass'
Message:
    scss/gpii_base.scss
Error: Undefined variable: "$ds-green".
        on line 492 of scss/gpii_base.scss
>>       color: $ds-green;
   -------------^

[12:21:37] Finished 'sass' after 725 ms
File /var/www/dev.gpii.net/web/sites/all/themes/gpii_base/scss/gpii_base.scss was changed, running tasks...
[12:22:03] Starting 'sass'...
[12:22:03] Starting 'tmpcss'...
[12:22:03] Finished 'tmpcss' after 247 ms
Error in plugin 'sass'
Message:
    scss/gpii_base.scss
Error: Undefined variable: "$ds-green".
        on line 492 of scss/gpii_base.scss
>>       color: $ds-green;
   -------------^

[12:22:03] Finished 'sass' after 389 ms
File /var/www/dev.gpii.net/web/sites/all/themes/gpii_base/scss/gpii_base.scss was changed, running tasks...
[12:23:36] Starting 'sass'...
[12:23:36] Starting 'tmpcss'...
[12:23:37] Finished 'tmpcss' after 362 ms
[12:23:37] Finished 'sass' after 610 ms
File /var/www/dev.gpii.net/web/sites/all/themes/gpii_base/scss/gpii_base.scss was changed, running tasks...
[12:23:39] Starting 'sass'...
[12:23:39] Starting 'tmpcss'...
[12:23:39] Finished 'tmpcss' after 418 ms
[12:23:40] Finished 'sass' after 661 ms
File /var/www/dev.gpii.net/web/sites/all/themes/gpii_base/scss/gpii_base.scss was changed, running tasks...
[12:28:28] Starting 'sass'...
[12:28:28] Starting 'tmpcss'...
[12:28:28] Finished 'tmpcss' after 358 ms
[12:28:28] Finished 'sass' after 572 ms
File /var/www/dev.gpii.net/web/sites/all/themes/gpii_base/scss/gpii_base.scss was changed, running tasks...
[12:28:36] Starting 'sass'...
[12:28:36] Starting 'tmpcss'...
[12:28:37] Finished 'tmpcss' after 391 ms
[12:28:37] Finished 'sass' after 657 ms
File /var/www/dev.gpii.net/web/sites/all/themes/gpii_base/scss/gpii_base.scss was changed, running tasks...
[12:40:03] Starting 'sass'...
[12:40:03] Starting 'tmpcss'...
[12:40:03] Finished 'tmpcss' after 403 ms
Error in plugin 'sass'
Message:
    scss/gpii_base.scss
Error: expected ':' after $color-gpii-gray in assignment statement
        on line 484 of scss/gpii_base.scss
>>   $color-gpii-gray;
   --^

[12:40:03] Finished 'sass' after 496 ms
File /var/www/dev.gpii.net/web/sites/all/themes/gpii_base/scss/gpii_base.scss was changed, running tasks...
[12:40:12] Starting 'sass'...
[12:40:12] Starting 'tmpcss'...
[12:40:12] Finished 'tmpcss' after 299 ms
[12:40:12] Finished 'sass' after 503 ms
File /var/www/dev.gpii.net/web/sites/all/themes/gpii_base/scss/gpii_base.scss was changed, running tasks...
[12:40:13] Starting 'sass'...
[12:40:13] Starting 'tmpcss'...
[12:40:14] Finished 'tmpcss' after 399 ms
[12:40:14] Finished 'sass' after 718 ms
File /var/www/dev.gpii.net/web/sites/all/themes/gpii_base/scss/gpii_base.scss was changed, running tasks...
[12:41:53] Starting 'sass'...
[12:41:53] Starting 'tmpcss'...
[12:41:53] Finished 'tmpcss' after 307 ms
[12:41:54] Finished 'sass' after 521 ms
File /var/www/dev.gpii.net/web/sites/all/themes/gpii_base/scss/gpii_base.scss was changed, running tasks...
[12:41:55] Starting 'sass'...
[12:41:55] Starting 'tmpcss'...
[12:41:55] Finished 'tmpcss' after 269 ms
[12:41:56] Finished 'sass' after 494 ms
File /var/www/dev.gpii.net/web/sites/all/themes/gpii_base/scss/gpii_base.scss was changed, running tasks...
[12:43:24] Starting 'sass'...
[12:43:24] Starting 'tmpcss'...
[12:43:25] Finished 'tmpcss' after 321 ms
[12:43:25] Finished 'sass' after 543 ms
File /var/www/dev.gpii.net/web/sites/all/themes/gpii_base/scss/gpii_base.scss was changed, running tasks...
[12:43:32] Starting 'sass'...
[12:43:32] Starting 'tmpcss'...
[12:43:32] Finished 'tmpcss' after 350 ms
[12:43:32] Finished 'sass' after 562 ms
File /var/www/dev.gpii.net/web/sites/all/themes/gpii_base/scss/gpii_base.scss was changed, running tasks...
[12:45:04] Starting 'sass'...
[12:45:04] Starting 'tmpcss'...
[12:45:05] Finished 'tmpcss' after 346 ms
[12:45:05] Finished 'sass' after 600 ms
File /var/www/dev.gpii.net/web/sites/all/themes/gpii_base/scss/gpii_base.scss was changed, running tasks...
[12:45:07] Starting 'sass'...
[12:45:07] Starting 'tmpcss'...
[12:45:08] Finished 'tmpcss' after 356 ms
[12:45:08] Finished 'sass' after 602 ms
File /var/www/dev.gpii.net/web/sites/all/themes/gpii_base/scss/gpii_base.scss was changed, running tasks...
[12:45:41] Starting 'sass'...
[12:45:41] Starting 'tmpcss'...
[12:45:42] Finished 'tmpcss' after 338 ms
[12:45:42] Finished 'sass' after 568 ms
File /var/www/dev.gpii.net/web/sites/all/themes/gpii_base/scss/gpii_base.scss was changed, running tasks...
[12:45:42] Starting 'sass'...
[12:45:42] Starting 'tmpcss'...
[12:45:43] Finished 'tmpcss' after 309 ms
[12:45:43] Finished 'sass' after 545 ms
File /var/www/dev.gpii.net/web/sites/all/themes/gpii_base/scss/gpii_base.scss was changed, running tasks...
[12:46:22] Starting 'sass'...
[12:46:22] Starting 'tmpcss'...
[12:46:22] Finished 'tmpcss' after 331 ms
[12:46:23] Finished 'sass' after 558 ms
File /var/www/dev.gpii.net/web/sites/all/themes/gpii_base/scss/gpii_base.scss was changed, running tasks...
[12:46:24] Starting 'sass'...
[12:46:24] Starting 'tmpcss'...
[12:46:24] Finished 'tmpcss' after 266 ms
[12:46:25] Finished 'sass' after 475 ms
File /var/www/dev.gpii.net/web/sites/all/themes/gpii_base/scss/gpii_base.scss was changed, running tasks...
[12:46:40] Starting 'sass'...
[12:46:40] Starting 'tmpcss'...
[12:46:40] Finished 'tmpcss' after 235 ms
[12:46:40] Finished 'sass' after 438 ms
File /var/www/dev.gpii.net/web/sites/all/themes/gpii_base/scss/gpii_base.scss was changed, running tasks...
[12:47:12] Starting 'sass'...
[12:47:12] Starting 'tmpcss'...
[12:47:12] Finished 'tmpcss' after 262 ms
[12:47:12] Finished 'sass' after 463 ms
File /var/www/dev.gpii.net/web/sites/all/themes/gpii_base/scss/gpii_base.scss was changed, running tasks...
[12:47:25] Starting 'sass'...
[12:47:25] Starting 'tmpcss'...
[12:47:25] Finished 'tmpcss' after 315 ms
[12:47:26] Finished 'sass' after 547 ms
File /var/www/dev.gpii.net/web/sites/all/themes/gpii_base/scss/gpii_base.scss was changed, running tasks...
[12:47:28] Starting 'sass'...
[12:47:28] Starting 'tmpcss'...
[12:47:28] Finished 'tmpcss' after 329 ms
[12:47:29] Finished 'sass' after 567 ms
File /var/www/dev.gpii.net/web/sites/all/themes/gpii_base/scss/gpii_base.scss was changed, running tasks...
[12:47:49] Starting 'sass'...
[12:47:49] Starting 'tmpcss'...
[12:47:49] Finished 'tmpcss' after 257 ms
[12:47:50] Finished 'sass' after 465 ms
File /var/www/dev.gpii.net/web/sites/all/themes/gpii_base/scss/gpii_base.scss was changed, running tasks...
[12:47:54] Starting 'sass'...
[12:47:54] Starting 'tmpcss'...
[12:47:54] Finished 'tmpcss' after 348 ms
[12:47:54] Finished 'sass' after 571 ms
File /var/www/dev.gpii.net/web/sites/all/themes/gpii_base/scss/gpii_base.scss was changed, running tasks...
[12:47:54] Starting 'sass'...
[12:47:54] Starting 'tmpcss'...
[12:47:55] Finished 'tmpcss' after 259 ms
[12:47:55] Finished 'sass' after 477 ms
File /var/www/dev.gpii.net/web/sites/all/themes/gpii_base/scss/gpii_base.scss was changed, running tasks...
[12:49:53] Starting 'sass'...
[12:49:53] Starting 'tmpcss'...
[12:49:54] Finished 'tmpcss' after 322 ms
[12:49:54] Finished 'sass' after 527 ms
File /var/www/dev.gpii.net/web/sites/all/themes/gpii_base/scss/gpii_base.scss was changed, running tasks...
[12:50:07] Starting 'sass'...
[12:50:07] Starting 'tmpcss'...
[12:50:07] Finished 'tmpcss' after 424 ms
[12:50:08] Finished 'sass' after 677 ms
File /var/www/dev.gpii.net/web/sites/all/themes/gpii_base/scss/gpii_base.scss was changed, running tasks...
[12:50:28] Starting 'sass'...
[12:50:28] Starting 'tmpcss'...
[12:50:29] Finished 'tmpcss' after 255 ms
[12:50:29] Finished 'sass' after 492 ms
File /var/www/dev.gpii.net/web/sites/all/themes/gpii_base/scss/gpii_base.scss was changed, running tasks...
[12:50:37] Starting 'sass'...
[12:50:37] Starting 'tmpcss'...
[12:50:37] Finished 'tmpcss' after 303 ms
[12:50:37] Finished 'sass' after 529 ms
File /var/www/dev.gpii.net/web/sites/all/themes/gpii_base/scss/gpii_base.scss was changed, running tasks...
[12:51:10] Starting 'sass'...
[12:51:10] Starting 'tmpcss'...
[12:51:11] Finished 'tmpcss' after 327 ms
[12:51:11] Finished 'sass' after 576 ms
File /var/www/dev.gpii.net/web/sites/all/themes/gpii_base/scss/gpii_base.scss was changed, running tasks...
[12:51:20] Starting 'sass'...
[12:51:20] Starting 'tmpcss'...
[12:51:20] Finished 'tmpcss' after 308 ms
[12:51:20] Finished 'sass' after 520 ms
File /var/www/dev.gpii.net/web/sites/all/themes/gpii_base/scss/gpii_base.scss was changed, running tasks...
[13:00:54] Starting 'sass'...
[13:00:54] Starting 'tmpcss'...
[13:00:54] Finished 'tmpcss' after 357 ms
Error in plugin 'sass'
Message:
    scss/gpii_base.scss
Error: Undefined variable: "$transparent".
        on line 496 of scss/gpii_base.scss
>>       border-top-color: $transparent;
   ------------------------^

[13:00:54] Finished 'sass' after 553 ms
File /var/www/dev.gpii.net/web/sites/all/themes/gpii_base/scss/gpii_base.scss was changed, running tasks...
[13:00:57] Starting 'sass'...
[13:00:57] Starting 'tmpcss'...
[13:00:57] Finished 'tmpcss' after 298 ms
[13:00:57] Finished 'sass' after 540 ms
File /var/www/dev.gpii.net/web/sites/all/themes/gpii_base/scss/gpii_base.scss was changed, running tasks...
[13:00:58] Starting 'sass'...
[13:00:58] Starting 'tmpcss'...
[13:00:58] Finished 'tmpcss' after 291 ms
[13:00:59] Finished 'sass' after 532 ms
File /var/www/dev.gpii.net/web/sites/all/themes/gpii_base/scss/gpii_base.scss was changed, running tasks...
[13:02:56] Starting 'sass'...
[13:02:56] Starting 'tmpcss'...
[13:02:57] Finished 'tmpcss' after 369 ms
[13:02:57] Finished 'sass' after 596 ms
File /var/www/dev.gpii.net/web/sites/all/themes/gpii_base/scss/gpii_base.scss was changed, running tasks...
[13:03:04] Starting 'sass'...
[13:03:04] Starting 'tmpcss'...
[13:03:05] Finished 'tmpcss' after 415 ms
[13:03:05] Finished 'sass' after 636 ms
File /var/www/dev.gpii.net/web/sites/all/themes/gpii_base/scss/gpii_base.scss was changed, running tasks...
[13:03:34] Starting 'sass'...
[13:03:34] Starting 'tmpcss'...
[13:03:34] Finished 'tmpcss' after 396 ms
[13:03:35] Finished 'sass' after 623 ms
File /var/www/dev.gpii.net/web/sites/all/themes/gpii_base/scss/gpii_base.scss was changed, running tasks...
[13:05:29] Starting 'sass'...
[13:05:29] Starting 'tmpcss'...
[13:05:30] Finished 'tmpcss' after 374 ms
[13:05:30] Finished 'sass' after 596 ms
File /var/www/dev.gpii.net/web/sites/all/themes/gpii_base/scss/gpii_base.scss was changed, running tasks...
[13:05:32] Starting 'sass'...
[13:05:32] Starting 'tmpcss'...
[13:05:32] Finished 'tmpcss' after 340 ms
[13:05:33] Finished 'sass' after 606 ms
File /var/www/dev.gpii.net/web/sites/all/themes/gpii_base/scss/gpii_base.scss was changed, running tasks...
[13:08:05] Starting 'sass'...
[13:08:05] Starting 'tmpcss'...
[13:08:06] Finished 'tmpcss' after 404 ms
[13:08:06] Finished 'sass' after 647 ms
File /var/www/dev.gpii.net/web/sites/all/themes/gpii_base/scss/gpii_base.scss was changed, running tasks...
[13:08:09] Starting 'sass'...
[13:08:09] Starting 'tmpcss'...
[13:08:09] Finished 'tmpcss' after 370 ms
[13:08:09] Finished 'sass' after 623 ms
File /var/www/dev.gpii.net/web/sites/all/themes/gpii_base/scss/gpii_base.scss was changed, running tasks...
[13:12:51] Starting 'sass'...
[13:12:51] Starting 'tmpcss'...
[13:12:51] Finished 'tmpcss' after 327 ms
[13:12:52] Finished 'sass' after 547 ms
File /var/www/dev.gpii.net/web/sites/all/themes/gpii_base/scss/gpii_base.scss was changed, running tasks...
[13:12:55] Starting 'sass'...
[13:12:55] Starting 'tmpcss'...
[13:12:55] Finished 'tmpcss' after 263 ms
[13:12:56] Finished 'sass' after 500 ms
File /var/www/dev.gpii.net/web/sites/all/themes/gpii_base/scss/gpii_base.scss was changed, running tasks...
[13:17:44] Starting 'sass'...
[13:17:44] Starting 'tmpcss'...
[13:17:44] Finished 'tmpcss' after 277 ms
[13:17:45] Finished 'sass' after 517 ms
File /var/www/dev.gpii.net/web/sites/all/themes/gpii_base/scss/gpii_base.scss was changed, running tasks...
[13:17:46] Starting 'sass'...
[13:17:46] Starting 'tmpcss'...
[13:17:46] Finished 'tmpcss' after 372 ms
[13:17:46] Finished 'sass' after 585 ms
File /var/www/dev.gpii.net/web/sites/all/themes/gpii_base/scss/gpii_base.scss was changed, running tasks...
[13:27:54] Starting 'sass'...
[13:27:54] Starting 'tmpcss'...
[13:27:54] Finished 'tmpcss' after 340 ms
[13:27:54] Finished 'sass' after 540 ms
File /var/www/dev.gpii.net/web/sites/all/themes/gpii_base/scss/gpii_base.scss was changed, running tasks...
[13:28:21] Starting 'sass'...
[13:28:21] Starting 'tmpcss'...
[13:28:21] Finished 'tmpcss' after 305 ms
[13:28:21] Finished 'sass' after 522 ms
File /var/www/dev.gpii.net/web/sites/all/themes/gpii_base/scss/gpii_base.scss was changed, running tasks...
[13:30:15] Starting 'sass'...
[13:30:15] Starting 'tmpcss'...
[13:30:16] Finished 'tmpcss' after 292 ms
[13:30:16] Finished 'sass' after 486 ms
File /var/www/dev.gpii.net/web/sites/all/themes/gpii_base/scss/gpii_base.scss was changed, running tasks...
[13:30:16] Starting 'sass'...
[13:30:16] Starting 'tmpcss'...
[13:30:16] Finished 'tmpcss' after 247 ms
[13:30:17] Finished 'sass' after 466 ms
File /var/www/dev.gpii.net/web/sites/all/themes/gpii_base/scss/gpii_base.scss was changed, running tasks...
[13:32:03] Starting 'sass'...
[13:32:03] Starting 'tmpcss'...
[13:32:03] Finished 'tmpcss' after 245 ms
[13:32:03] Finished 'sass' after 503 ms
File /var/www/dev.gpii.net/web/sites/all/themes/gpii_base/scss/gpii_base.scss was changed, running tasks...
[13:32:17] Starting 'sass'...
[13:32:17] Starting 'tmpcss'...
[13:32:17] Finished 'tmpcss' after 328 ms
[13:32:17] Finished 'sass' after 531 ms
File /var/www/dev.gpii.net/web/sites/all/themes/gpii_base/scss/gpii_base.scss was changed, running tasks...
[13:36:12] Starting 'sass'...
[13:36:12] Starting 'tmpcss'...
[13:36:12] Finished 'tmpcss' after 345 ms
[13:36:12] Finished 'sass' after 591 ms
File /var/www/dev.gpii.net/web/sites/all/themes/gpii_base/scss/gpii_base.scss was changed, running tasks...
[13:36:23] Starting 'sass'...
[13:36:23] Starting 'tmpcss'...
[13:36:23] Finished 'tmpcss' after 385 ms
[13:36:23] Finished 'sass' after 582 ms
File /var/www/dev.gpii.net/web/sites/all/themes/gpii_base/scss/gpii_base.scss was changed, running tasks...
[13:37:31] Starting 'sass'...
[13:37:31] Starting 'tmpcss'...
[13:37:31] Finished 'tmpcss' after 339 ms
[13:37:31] Finished 'sass' after 586 ms
File /var/www/dev.gpii.net/web/sites/all/themes/gpii_base/scss/gpii_base.scss was changed, running tasks...
[13:37:36] Starting 'sass'...
[13:37:36] Starting 'tmpcss'...
[13:37:36] Finished 'tmpcss' after 294 ms
[13:37:36] Finished 'sass' after 533 ms
File /var/www/dev.gpii.net/web/sites/all/themes/gpii_base/scss/gpii_base.scss was changed, running tasks...
[13:42:00] Starting 'sass'...
[13:42:00] Starting 'tmpcss'...
[13:42:00] Finished 'tmpcss' after 351 ms
[13:42:00] Finished 'sass' after 546 ms
File /var/www/dev.gpii.net/web/sites/all/themes/gpii_base/scss/gpii_base.scss was changed, running tasks...
[13:42:02] Starting 'sass'...
[13:42:02] Starting 'tmpcss'...
[13:42:02] Finished 'tmpcss' after 247 ms
[13:42:02] Finished 'sass' after 477 ms
File /var/www/dev.gpii.net/web/sites/all/themes/gpii_base/scss/gpii_base.scss was changed, running tasks...
[13:47:57] Starting 'sass'...
[13:47:57] Starting 'tmpcss'...
[13:47:57] Finished 'tmpcss' after 296 ms
[13:47:58] Finished 'sass' after 522 ms
File /var/www/dev.gpii.net/web/sites/all/themes/gpii_base/scss/gpii_base.scss was changed, running tasks...
[13:48:15] Starting 'sass'...
[13:48:15] Starting 'tmpcss'...
[13:48:16] Finished 'tmpcss' after 429 ms
[13:48:16] Finished 'sass' after 676 ms
File /var/www/dev.gpii.net/web/sites/all/themes/gpii_base/scss/gpii_base.scss was changed, running tasks...
[13:49:43] Starting 'sass'...
[13:49:43] Starting 'tmpcss'...
[13:49:44] Finished 'tmpcss' after 373 ms
[13:49:44] Finished 'sass' after 632 ms
File /var/www/dev.gpii.net/web/sites/all/themes/gpii_base/scss/gpii_base.scss was changed, running tasks...
[13:49:45] Starting 'sass'...
[13:49:45] Starting 'tmpcss'...
[13:49:45] Finished 'tmpcss' after 383 ms
[13:49:45] Finished 'sass' after 624 ms
File /var/www/dev.gpii.net/web/sites/all/themes/gpii_base/scss/gpii_base.scss was changed, running tasks...
[13:50:36] Starting 'sass'...
[13:50:36] Starting 'tmpcss'...
[13:50:37] Finished 'tmpcss' after 343 ms
[13:50:37] Finished 'sass' after 584 ms
File /var/www/dev.gpii.net/web/sites/all/themes/gpii_base/scss/gpii_base.scss was changed, running tasks...
[13:56:15] Starting 'sass'...
[13:56:15] Starting 'tmpcss'...
[13:56:15] Finished 'tmpcss' after 470 ms
[13:56:16] Finished 'sass' after 812 ms
File /var/www/dev.gpii.net/web/sites/all/themes/gpii_base/scss/gpii_base.scss was changed, running tasks...
[13:56:18] Starting 'sass'...
[13:56:18] Starting 'tmpcss'...
[13:56:18] Finished 'tmpcss' after 446 ms
[13:56:18] Finished 'sass' after 678 ms
File /var/www/dev.gpii.net/web/sites/all/themes/gpii_base/scss/gpii_base.scss was changed, running tasks...
[13:57:20] Starting 'sass'...
[13:57:20] Starting 'tmpcss'...
[13:57:21] Finished 'tmpcss' after 401 ms
[13:57:21] Finished 'sass' after 685 ms
File /var/www/dev.gpii.net/web/sites/all/themes/gpii_base/scss/gpii_base.scss was changed, running tasks...
[13:57:22] Starting 'sass'...
[13:57:22] Starting 'tmpcss'...
[13:57:23] Finished 'tmpcss' after 349 ms
[13:57:23] Finished 'sass' after 590 ms
File /var/www/dev.gpii.net/web/sites/all/themes/gpii_base/scss/gpii_base.scss was changed, running tasks...
[13:58:07] Starting 'sass'...
[13:58:07] Starting 'tmpcss'...
[13:58:08] Finished 'tmpcss' after 289 ms
[13:58:08] Finished 'sass' after 572 ms
File /var/www/dev.gpii.net/web/sites/all/themes/gpii_base/scss/gpii_base.scss was changed, running tasks...
[14:00:35] Starting 'sass'...
[14:00:35] Starting 'tmpcss'...
[14:00:36] Finished 'tmpcss' after 349 ms
[14:00:36] Finished 'sass' after 616 ms
File /var/www/dev.gpii.net/web/sites/all/themes/gpii_base/scss/gpii_base.scss was changed, running tasks...
[14:01:24] Starting 'sass'...
[14:01:24] Starting 'tmpcss'...
[14:01:24] Finished 'tmpcss' after 332 ms
[14:01:24] Finished 'sass' after 531 ms
File /var/www/dev.gpii.net/web/sites/all/themes/gpii_base/scss/gpii_base.scss was changed, running tasks...
[14:02:33] Starting 'sass'...
[14:02:33] Starting 'tmpcss'...
[14:02:33] Finished 'tmpcss' after 428 ms
[14:02:33] Finished 'sass' after 659 ms
File /var/www/dev.gpii.net/web/sites/all/themes/gpii_base/scss/gpii_base.scss was changed, running tasks...
[14:03:03] Starting 'sass'...
[14:03:03] Starting 'tmpcss'...
File /var/www/dev.gpii.net/web/sites/all/themes/gpii_base/scss/gpii_base.scss was changed, running tasks...
[14:03:04] Finished 'tmpcss' after 588 ms
[14:03:04] Finished 'sass' after 902 ms
File /var/www/dev.gpii.net/web/sites/all/themes/gpii_base/scss/gpii_base.scss was changed, running tasks...
[14:03:19] Starting 'sass'...
[14:03:19] Starting 'tmpcss'...
[14:03:20] Finished 'tmpcss' after 326 ms
[14:03:20] Finished 'sass' after 539 ms
File /var/www/dev.gpii.net/web/sites/all/themes/gpii_base/scss/gpii_base.scss was changed, running tasks...
[14:03:26] Starting 'sass'...
[14:03:26] Starting 'tmpcss'...
[14:03:26] Finished 'tmpcss' after 360 ms
[14:03:26] Finished 'sass' after 626 ms
File /var/www/dev.gpii.net/web/sites/all/themes/gpii_base/scss/gpii_base.scss was changed, running tasks...
[14:03:34] Starting 'sass'...
[14:03:34] Starting 'tmpcss'...
[14:03:34] Finished 'tmpcss' after 278 ms
[14:03:34] Finished 'sass' after 503 ms
File /var/www/dev.gpii.net/web/sites/all/themes/gpii_base/scss/gpii_base.scss was changed, running tasks...
[14:05:08] Starting 'sass'...
[14:05:08] Starting 'tmpcss'...
[14:05:08] Finished 'tmpcss' after 360 ms
[14:05:08] Finished 'sass' after 579 ms
File /var/www/dev.gpii.net/web/sites/all/themes/gpii_base/scss/gpii_base.scss was changed, running tasks...
[14:05:09] Starting 'sass'...
[14:05:09] Starting 'tmpcss'...
[14:05:09] Finished 'tmpcss' after 331 ms
[14:05:10] Finished 'sass' after 611 ms
File /var/www/dev.gpii.net/web/sites/all/themes/gpii_base/scss/gpii_base.scss was changed, running tasks...
[14:05:47] Starting 'sass'...
[14:05:47] Starting 'tmpcss'...
[14:05:47] Finished 'tmpcss' after 388 ms
[14:05:47] Finished 'sass' after 588 ms
File /var/www/dev.gpii.net/web/sites/all/themes/gpii_base/scss/gpii_base.scss was changed, running tasks...
[14:05:49] Starting 'sass'...
[14:05:49] Starting 'tmpcss'...
[14:05:49] Finished 'tmpcss' after 270 ms
[14:05:49] Finished 'sass' after 517 ms
File /var/www/dev.gpii.net/web/sites/all/themes/gpii_base/scss/gpii_base.scss was changed, running tasks...
[14:06:18] Starting 'sass'...
[14:06:18] Starting 'tmpcss'...
[14:06:19] Finished 'tmpcss' after 375 ms
[14:06:19] Finished 'sass' after 624 ms
File /var/www/dev.gpii.net/web/sites/all/themes/gpii_base/scss/gpii_base.scss was changed, running tasks...
[14:08:32] Starting 'sass'...
[14:08:32] Starting 'tmpcss'...
[14:08:32] Finished 'tmpcss' after 388 ms
[14:08:33] Finished 'sass' after 741 ms
File /var/www/dev.gpii.net/web/sites/all/themes/gpii_base/scss/gpii_base.scss was changed, running tasks...
[14:10:25] Starting 'sass'...
[14:10:25] Starting 'tmpcss'...
[14:10:25] Finished 'tmpcss' after 302 ms
[14:10:26] Finished 'sass' after 557 ms
File /var/www/dev.gpii.net/web/sites/all/themes/gpii_base/scss/gpii_base.scss was changed, running tasks...
[14:10:31] Starting 'sass'...
[14:10:31] Starting 'tmpcss'...
[14:10:31] Finished 'tmpcss' after 321 ms
[14:10:31] Finished 'sass' after 549 ms
File /var/www/dev.gpii.net/web/sites/all/themes/gpii_base/scss/gpii_base.scss was changed, running tasks...
[14:14:00] Starting 'sass'...
[14:14:00] Starting 'tmpcss'...
[14:14:00] Finished 'tmpcss' after 345 ms
[14:14:00] Finished 'sass' after 558 ms
File /var/www/dev.gpii.net/web/sites/all/themes/gpii_base/scss/gpii_base.scss was changed, running tasks...
[14:15:16] Starting 'sass'...
[14:15:16] Starting 'tmpcss'...
[14:15:17] Finished 'tmpcss' after 286 ms
[14:15:17] Finished 'sass' after 489 ms
File /var/www/dev.gpii.net/web/sites/all/themes/gpii_base/scss/gpii_base.scss was changed, running tasks...
[14:15:47] Starting 'sass'...
[14:15:47] Starting 'tmpcss'...
[14:15:48] Finished 'tmpcss' after 424 ms
[14:15:48] Finished 'sass' after 704 ms
File /var/www/dev.gpii.net/web/sites/all/themes/gpii_base/scss/gpii_base.scss was changed, running tasks...
[14:26:07] Starting 'sass'...
[14:26:07] Starting 'tmpcss'...
[14:26:07] Finished 'tmpcss' after 327 ms
[14:26:08] Finished 'sass' after 523 ms
File /var/www/dev.gpii.net/web/sites/all/themes/gpii_base/scss/gpii_base.scss was changed, running tasks...
[14:26:09] Starting 'sass'...
[14:26:09] Starting 'tmpcss'...
[14:26:09] Finished 'tmpcss' after 312 ms
[14:26:10] Finished 'sass' after 528 ms
File /var/www/dev.gpii.net/web/sites/all/themes/gpii_base/scss/gpii_base.scss was changed, running tasks...
[14:31:14] Starting 'sass'...
[14:31:14] Starting 'tmpcss'...
[14:31:15] Finished 'tmpcss' after 328 ms
[14:31:15] Finished 'sass' after 567 ms
File /var/www/dev.gpii.net/web/sites/all/themes/gpii_base/scss/gpii_base.scss was changed, running tasks...
[14:31:23] Starting 'sass'...
[14:31:23] Starting 'tmpcss'...
[14:31:24] Finished 'tmpcss' after 317 ms
[14:31:24] Finished 'sass' after 526 ms
File /var/www/dev.gpii.net/web/sites/all/themes/gpii_base/scss/gpii_base.scss was changed, running tasks...
[14:31:24] Starting 'sass'...
[14:31:24] Starting 'tmpcss'...
[14:31:24] Finished 'tmpcss' after 280 ms
[14:31:25] Finished 'sass' after 479 ms
File /var/www/dev.gpii.net/web/sites/all/themes/gpii_base/scss/gpii_base.scss was changed, running tasks...
[14:32:34] Starting 'sass'...
[14:32:34] Starting 'tmpcss'...
[14:32:35] Finished 'tmpcss' after 313 ms
[14:32:35] Finished 'sass' after 562 ms
File /var/www/dev.gpii.net/web/sites/all/themes/gpii_base/scss/gpii_base.scss was changed, running tasks...
[14:32:44] Starting 'sass'...
[14:32:44] Starting 'tmpcss'...
[14:32:45] Finished 'tmpcss' after 363 ms
[14:32:45] Finished 'sass' after 558 ms
File /var/www/dev.gpii.net/web/sites/all/themes/gpii_base/scss/gpii_base.scss was changed, running tasks...
[14:32:45] Starting 'sass'...
[14:32:45] Starting 'tmpcss'...
[14:32:46] Finished 'tmpcss' after 278 ms
[14:32:46] Finished 'sass' after 493 ms
File /var/www/dev.gpii.net/web/sites/all/themes/gpii_base/scss/gpii_base.scss was changed, running tasks...
[14:33:12] Starting 'sass'...
[14:33:12] Starting 'tmpcss'...
[14:33:12] Finished 'tmpcss' after 317 ms
[14:33:13] Finished 'sass' after 550 ms
File /var/www/dev.gpii.net/web/sites/all/themes/gpii_base/scss/gpii_base.scss was changed, running tasks...
[14:33:13] Starting 'sass'...
[14:33:13] Starting 'tmpcss'...
[14:33:14] Finished 'tmpcss' after 385 ms
[14:33:14] Finished 'sass' after 602 ms
File /var/www/dev.gpii.net/web/sites/all/themes/gpii_base/scss/gpii_base.scss was changed, running tasks...
[14:35:50] Starting 'sass'...
[14:35:50] Starting 'tmpcss'...
[14:35:51] Finished 'tmpcss' after 316 ms
[14:35:51] Finished 'sass' after 518 ms
File /var/www/dev.gpii.net/web/sites/all/themes/gpii_base/scss/gpii_base.scss was changed, running tasks...
[14:36:10] Starting 'sass'...
[14:36:10] Starting 'tmpcss'...
[14:36:11] Finished 'tmpcss' after 379 ms
[14:36:11] Finished 'sass' after 659 ms
File /var/www/dev.gpii.net/web/sites/all/themes/gpii_base/scss/gpii_base.scss was changed, running tasks...
[14:56:05] Starting 'sass'...
[14:56:05] Starting 'tmpcss'...
[14:56:05] Finished 'tmpcss' after 375 ms
[14:56:05] Finished 'sass' after 610 ms
File /var/www/dev.gpii.net/web/sites/all/themes/gpii_base/scss/gpii_base.scss was changed, running tasks...
[14:56:07] Starting 'sass'...
[14:56:07] Starting 'tmpcss'...
[14:56:08] Finished 'tmpcss' after 289 ms
[14:56:08] Finished 'sass' after 531 ms
File /var/www/dev.gpii.net/web/sites/all/themes/gpii_base/scss/_variables.scss was changed, running tasks...
[15:20:58] Starting 'sass'...
[15:20:58] Starting 'tmpcss'...
[15:20:58] Finished 'sass' after 348 ms
[15:20:58] Finished 'tmpcss' after 348 ms
File /var/www/dev.gpii.net/web/sites/all/themes/gpii_base/scss/gpii_base.scss was changed, running tasks...
[15:21:20] Starting 'sass'...
[15:21:20] Starting 'tmpcss'...
[15:21:20] Finished 'tmpcss' after 286 ms
[15:21:20] Finished 'sass' after 476 ms
File /var/www/dev.gpii.net/web/sites/all/themes/gpii_base/scss/gpii_base.scss was changed, running tasks...
[15:21:21] Starting 'sass'...
[15:21:21] Starting 'tmpcss'...
[15:21:22] Finished 'tmpcss' after 365 ms
[15:21:22] Finished 'sass' after 569 ms
File /var/www/dev.gpii.net/web/sites/all/themes/gpii_base/scss/gpii_base.scss was changed, running tasks...
[15:24:08] Starting 'sass'...
[15:24:08] Starting 'tmpcss'...
[15:24:08] Finished 'tmpcss' after 325 ms
[15:24:08] Finished 'sass' after 549 ms
File /var/www/dev.gpii.net/web/sites/all/themes/gpii_base/scss/gpii_base.scss was changed, running tasks...
[15:24:10] Starting 'sass'...
[15:24:10] Starting 'tmpcss'...
[15:24:10] Finished 'tmpcss' after 249 ms
[15:24:10] Finished 'sass' after 487 ms
File /var/www/dev.gpii.net/web/sites/all/themes/gpii_base/scss/_variables.scss was changed, running tasks...
[15:24:12] Starting 'sass'...
[15:24:12] Starting 'tmpcss'...
[15:24:12] Finished 'tmpcss' after 274 ms
[15:24:12] Finished 'sass' after 472 ms
File /var/www/dev.gpii.net/web/sites/all/themes/gpii_base/scss/gpii_base.scss was changed, running tasks...
[15:27:01] Starting 'sass'...
[15:27:01] Starting 'tmpcss'...
[15:27:01] Finished 'tmpcss' after 315 ms
[15:27:02] Finished 'sass' after 533 ms
File /var/www/dev.gpii.net/web/sites/all/themes/gpii_base/scss/gpii_base.scss was changed, running tasks...
[15:28:35] Starting 'sass'...
[15:28:35] Starting 'tmpcss'...
[15:28:35] Finished 'tmpcss' after 325 ms
[15:28:35] Finished 'sass' after 590 ms
File /var/www/dev.gpii.net/web/sites/all/themes/gpii_base/scss/gpii_base.scss was changed, running tasks...
[15:28:40] Starting 'sass'...
[15:28:40] Starting 'tmpcss'...
[15:28:41] Finished 'tmpcss' after 309 ms
[15:28:41] Finished 'sass' after 498 ms
File /var/www/dev.gpii.net/web/sites/all/themes/gpii_base/scss/gpii_base.scss was changed, running tasks...
[15:28:49] Starting 'sass'...
[15:28:49] Starting 'tmpcss'...
[15:28:49] Finished 'tmpcss' after 258 ms
[15:28:50] Finished 'sass' after 486 ms
File /var/www/dev.gpii.net/web/sites/all/themes/gpii_base/scss/gpii_base.scss was changed, running tasks...
[15:28:52] Starting 'sass'...
[15:28:52] Starting 'tmpcss'...
[15:28:52] Finished 'tmpcss' after 265 ms
[15:28:52] Finished 'sass' after 468 ms
File /var/www/dev.gpii.net/web/sites/all/themes/gpii_base/scss/gpii_base.scss was changed, running tasks...
[15:29:04] Starting 'sass'...
[15:29:04] Starting 'tmpcss'...
[15:29:05] Finished 'tmpcss' after 293 ms
[15:29:05] Finished 'sass' after 520 ms
File /var/www/dev.gpii.net/web/sites/all/themes/gpii_base/scss/gpii_base.scss was changed, running tasks...
[15:29:18] Starting 'sass'...
[15:29:18] Starting 'tmpcss'...
[15:29:19] Finished 'tmpcss' after 277 ms
[15:29:19] Finished 'sass' after 478 ms
