Arguments: 
  /usr/bin/nodejs /usr/bin/yarn install

PATH: 
  /home/caldwell/.rbenv/plugins/ruby-build/bin:/home/caldwell/.rbenv/shims:/home/caldwell/.rbenv/bin:/usr/local/sbin:/usr/local/bin:/usr/sbin:/usr/bin:/sbin:/bin:/usr/games:/usr/local/games:/home/caldwell/.composer/vendor/bin

Yarn version: 
  0.22.0

Node version: 
  5.12.0

Platform: 
  linux x64

npm manifest: 
  {
    "name": "themes",
    "version": "1.0.0",
    "description": "",
    "main": "gulpfile.js",
    "dependencies": {
      "gulp": "^3.9.0",
      "gulp-less": "^3.0.3",
      "gulp-livereload": "^3.8.1",
      "gulp-util": "^3.0.6",
      "gulp-watch": "^4.3.5"
    },
    "devDependencies": {
      "autoprefixer": "^6.3.6",
      "gulp-postcss": "^6.1.1",
      "gulp-sass": "^2.1.1",
      "gulp-scss-lint": "^0.4.0",
      "gulp-sourcemaps": "^1.6.0"
    },
    "scripts": {
      "test": "echo \"Error: no test specified\" && exit 1"
    },
    "author": "Pushing7",
    "license": "ISC"
  }

yarn manifest: 
  No manifest

Lockfile: 
  No lockfile

Trace: 
  Error: EPERM: operation not permitted, utime '/var/www/dev.gpii.net/web/sites/all/themes/gpii_devspace/node_modules/acorn/package.json'
      at Error (native)
